mode: set
LUYWAWG\Project\auth.go:5.66,8.20 2 0
LUYWAWG\Project\auth.go:8.20,10.3 1 0
LUYWAWG\Project\errors.go:21.40,24.2 2 0
LUYWAWG\Project\id.go:13.51,19.23 3 0
LUYWAWG\Project\id.go:23.2,23.49 1 0
LUYWAWG\Project\id.go:19.23,21.3 1 0
LUYWAWG\Project\middleware.go:7.48,9.2 1 0
LUYWAWG\Project\middleware.go:11.71,16.28 2 0
LUYWAWG\Project\middleware.go:26.2,26.21 1 0
LUYWAWG\Project\middleware.go:16.28,21.17 2 0
LUYWAWG\Project\middleware.go:21.17,23.4 1 0
LUYWAWG\Project\middleware.go:34.83,38.2 1 0
LUYWAWG\Project\middleware.go:40.69,43.2 2 0
LUYWAWG\Project\middleware.go:45.58,48.2 2 0
LUYWAWG\Project\template.go:11.34,13.3 1 0
LUYWAWG\Project\template.go:33.103,34.17 1 0
LUYWAWG\Project\template.go:37.2,41.42 3 0
LUYWAWG\Project\template.go:48.2,52.16 4 0
LUYWAWG\Project\template.go:34.17,36.3 1 0
LUYWAWG\Project\template.go:41.42,45.4 3 0
LUYWAWG\Project\template.go:52.16,58.3 1 0
LUYWAWG\Project\user.go:23.62,28.20 2 1
LUYWAWG\Project\user.go:32.2,32.17 1 1
LUYWAWG\Project\user.go:36.2,36.20 1 1
LUYWAWG\Project\user.go:40.2,40.36 1 1
LUYWAWG\Project\user.go:45.2,46.16 2 1
LUYWAWG\Project\user.go:49.2,49.25 1 1
LUYWAWG\Project\user.go:53.2,54.16 2 1
LUYWAWG\Project\user.go:57.2,57.25 1 1
LUYWAWG\Project\user.go:62.2,68.18 4 0
LUYWAWG\Project\user.go:28.20,30.3 1 1
LUYWAWG\Project\user.go:32.17,34.3 1 0
LUYWAWG\Project\user.go:36.20,38.3 1 1
LUYWAWG\Project\user.go:40.36,42.3 1 0
LUYWAWG\Project\user.go:46.16,48.3 1 0
LUYWAWG\Project\user.go:49.25,51.3 1 1
LUYWAWG\Project\user.go:54.16,56.3 1 0
LUYWAWG\Project\user.go:57.25,59.3 1 1
LUYWAWG\Project\user.go:70.57,75.16 3 0
LUYWAWG\Project\user.go:78.2,78.25 1 0
LUYWAWG\Project\user.go:81.2,84.11 1 0
LUYWAWG\Project\user.go:87.2,87.26 1 0
LUYWAWG\Project\user.go:75.16,77.3 1 0
LUYWAWG\Project\user.go:78.25,80.3 1 0
LUYWAWG\Project\user.go:84.11,86.3 1 0
LUYWAWG\Project\user.go:89.87,94.16 4 0
LUYWAWG\Project\user.go:97.2,97.55 1 0
LUYWAWG\Project\user.go:101.2,103.27 2 0
LUYWAWG\Project\user.go:106.2,109.11 1 0
LUYWAWG\Project\user.go:112.2,112.23 1 0
LUYWAWG\Project\user.go:115.2,115.39 1 0
LUYWAWG\Project\user.go:118.2,120.17 3 0
LUYWAWG\Project\user.go:94.16,96.3 1 0
LUYWAWG\Project\user.go:97.55,99.3 1 0
LUYWAWG\Project\user.go:103.27,105.3 1 0
LUYWAWG\Project\user.go:109.11,111.3 1 0
LUYWAWG\Project\user.go:112.23,114.3 1 0
LUYWAWG\Project\user.go:115.39,117.3 1 0
LUYWAWG\Project\user.go:123.38,128.2 1 0
LUYWAWG\Project\user.go:129.40,131.2 1 0
LUYWAWG\Project\handle_session.go:6.88,8.20 2 0
LUYWAWG\Project\handle_session.go:14.2,14.47 1 0
LUYWAWG\Project\handle_session.go:8.20,10.17 2 0
LUYWAWG\Project\handle_session.go:10.17,11.14 1 0
LUYWAWG\Project\handle_session.go:17.84,22.2 2 0
LUYWAWG\Project\handle_session.go:23.86,28.16 5 0
LUYWAWG\Project\handle_session.go:39.2,42.16 4 0
LUYWAWG\Project\handle_session.go:45.2,45.16 1 0
LUYWAWG\Project\handle_session.go:48.2,48.64 1 0
LUYWAWG\Project\handle_session.go:28.16,29.29 1 0
LUYWAWG\Project\handle_session.go:37.2,37.12 1 0
LUYWAWG\Project\handle_session.go:29.29,36.3 2 0
LUYWAWG\Project\handle_session.go:42.16,43.13 1 0
LUYWAWG\Project\handle_session.go:45.16,47.3 1 0
LUYWAWG\Project\image.go:28.33,34.2 1 0
LUYWAWG\Project\image.go:50.58,53.16 2 0
LUYWAWG\Project\image.go:57.2,57.42 1 0
LUYWAWG\Project\image.go:60.2,65.16 4 0
LUYWAWG\Project\image.go:69.2,70.12 2 0
LUYWAWG\Project\image.go:74.2,78.16 4 0
LUYWAWG\Project\image.go:81.2,84.16 3 0
LUYWAWG\Project\image.go:88.2,92.16 3 0
LUYWAWG\Project\image.go:97.2,97.37 1 0
LUYWAWG\Project\image.go:53.16,55.3 1 0
LUYWAWG\Project\image.go:57.42,59.3 1 0
LUYWAWG\Project\image.go:65.16,67.3 1 0
LUYWAWG\Project\image.go:70.12,72.3 1 0
LUYWAWG\Project\image.go:78.16,80.3 1 0
LUYWAWG\Project\image.go:84.16,86.3 1 0
LUYWAWG\Project\image.go:92.16,94.3 1 0
LUYWAWG\Project\image.go:100.94,107.12 5 0
LUYWAWG\Project\image.go:112.2,113.16 2 0
LUYWAWG\Project\image.go:117.2,121.16 3 0
LUYWAWG\Project\image.go:124.2,128.16 3 0
LUYWAWG\Project\image.go:133.2,133.37 1 0
LUYWAWG\Project\image.go:107.12,109.3 1 0
LUYWAWG\Project\image.go:113.16,115.3 1 0
LUYWAWG\Project\image.go:121.16,123.3 1 0
LUYWAWG\Project\image.go:128.16,130.3 1 0
LUYWAWG\Project\image.go:142.42,144.2 1 0
LUYWAWG\Project\image.go:145.40,147.2 1 0
LUYWAWG\Project\image.go:148.51,150.2 1 0
LUYWAWG\Project\image.go:151.49,153.2 1 0
LUYWAWG\Project\image.go:156.81,161.2 3 0
LUYWAWG\Project\image.go:164.79,171.2 6 0
LUYWAWG\Project\image.go:173.49,176.16 2 0
LUYWAWG\Project\image.go:180.2,185.25 4 0
LUYWAWG\Project\image.go:192.2,192.12 1 0
LUYWAWG\Project\image.go:176.16,178.3 1 0
LUYWAWG\Project\image.go:185.25,188.17 3 0
LUYWAWG\Project\image.go:188.17,190.4 1 0
LUYWAWG\Project\image.go:195.13,198.2 1 1
LUYWAWG\Project\user_store.go:19.50,22.16 3 0
LUYWAWG\Project\user_store.go:26.2,27.16 2 0
LUYWAWG\Project\user_store.go:30.2,30.12 1 0
LUYWAWG\Project\user_store.go:22.16,24.3 1 0
LUYWAWG\Project\user_store.go:27.16,29.3 1 0
LUYWAWG\Project\user_store.go:32.59,34.8 2 0
LUYWAWG\Project\user_store.go:37.2,37.17 1 0
LUYWAWG\Project\user_store.go:34.8,36.3 1 0
LUYWAWG\Project\user_store.go:39.74,40.20 1 0
LUYWAWG\Project\user_store.go:43.2,43.35 1 0
LUYWAWG\Project\user_store.go:48.2,48.17 1 0
LUYWAWG\Project\user_store.go:40.20,42.3 1 0
LUYWAWG\Project\user_store.go:43.35,44.66 1 0
LUYWAWG\Project\user_store.go:44.66,46.4 1 0
LUYWAWG\Project\user_store.go:50.68,51.17 1 0
LUYWAWG\Project\user_store.go:54.2,54.35 1 0
LUYWAWG\Project\user_store.go:59.2,59.17 1 0
LUYWAWG\Project\user_store.go:51.17,53.3 1 0
LUYWAWG\Project\user_store.go:54.35,55.60 1 0
LUYWAWG\Project\user_store.go:55.60,57.4 1 0
LUYWAWG\Project\user_store.go:61.64,67.16 3 1
LUYWAWG\Project\user_store.go:74.2,76.16 2 1
LUYWAWG\Project\user_store.go:79.2,79.19 1 1
LUYWAWG\Project\user_store.go:67.16,69.25 1 0
LUYWAWG\Project\user_store.go:72.3,72.18 1 0
LUYWAWG\Project\user_store.go:69.25,71.4 1 0
LUYWAWG\Project\user_store.go:76.16,78.3 1 0
LUYWAWG\Project\user_store.go:82.13,84.16 2 1
LUYWAWG\Project\user_store.go:87.2,87.25 1 1
LUYWAWG\Project\user_store.go:84.16,85.58 1 0
LUYWAWG\Project\handle_user.go:9.81,11.2 1 0
LUYWAWG\Project\handle_user.go:13.84,23.16 3 0
LUYWAWG\Project\handle_user.go:35.2,36.16 2 0
LUYWAWG\Project\handle_user.go:41.2,44.16 4 0
LUYWAWG\Project\handle_user.go:48.2,48.63 1 0
LUYWAWG\Project\handle_user.go:23.16,24.29 1 0
LUYWAWG\Project\handle_user.go:32.3,32.13 1 0
LUYWAWG\Project\handle_user.go:24.29,31.4 2 0
LUYWAWG\Project\handle_user.go:36.16,37.13 1 0
LUYWAWG\Project\handle_user.go:44.16,45.13 1 0
LUYWAWG\Project\handle_user.go:50.82,55.2 2 0
LUYWAWG\Project\handle_user.go:56.84,62.16 6 0
LUYWAWG\Project\handle_user.go:72.2,73.16 2 0
LUYWAWG\Project\handle_user.go:76.2,76.70 1 0
LUYWAWG\Project\handle_user.go:62.16,63.29 1 0
LUYWAWG\Project\handle_user.go:70.3,70.13 1 0
LUYWAWG\Project\handle_user.go:63.29,69.4 2 0
LUYWAWG\Project\handle_user.go:73.16,74.13 1 0
LUYWAWG\Project\handle_user.go:79.87,81.16 2 0
LUYWAWG\Project\handle_user.go:85.2,85.17 1 0
LUYWAWG\Project\handle_user.go:89.2,90.16 2 0
LUYWAWG\Project\handle_user.go:93.2,96.4 1 0
LUYWAWG\Project\handle_user.go:81.16,82.13 1 0
LUYWAWG\Project\handle_user.go:85.17,88.3 2 0
LUYWAWG\Project\handle_user.go:90.16,91.13 1 0
LUYWAWG\Project\mysql.go:7.13,11.16 2 1
LUYWAWG\Project\mysql.go:14.2,14.20 1 1
LUYWAWG\Project\mysql.go:11.16,12.13 1 0
LUYWAWG\Project\mysql.go:16.46,18.16 2 1
LUYWAWG\Project\mysql.go:21.2,21.22 1 1
LUYWAWG\Project\mysql.go:18.16,20.3 1 0
LUYWAWG\Project\handle_image.go:7.82,9.2 1 0
LUYWAWG\Project\handle_image.go:10.85,11.30 1 0
LUYWAWG\Project\handle_image.go:15.2,15.33 1 0
LUYWAWG\Project\handle_image.go:11.30,14.3 2 0
LUYWAWG\Project\handle_image.go:18.71,23.16 5 0
LUYWAWG\Project\handle_image.go:34.2,34.78 1 0
LUYWAWG\Project\handle_image.go:23.16,24.29 1 0
LUYWAWG\Project\handle_image.go:32.3,32.13 1 0
LUYWAWG\Project\handle_image.go:24.29,31.4 2 0
LUYWAWG\Project\handle_image.go:37.72,44.17 6 0
LUYWAWG\Project\handle_image.go:52.2,52.16 1 0
LUYWAWG\Project\handle_image.go:55.2,57.16 3 0
LUYWAWG\Project\handle_image.go:64.2,64.77 1 0
LUYWAWG\Project\handle_image.go:44.17,50.3 2 0
LUYWAWG\Project\handle_image.go:52.16,53.13 1 0
LUYWAWG\Project\handle_image.go:57.16,63.3 2 0
LUYWAWG\Project\handle_image.go:67.88,70.16 2 0
LUYWAWG\Project\handle_image.go:74.2,74.18 1 0
LUYWAWG\Project\handle_image.go:78.2,79.16 2 0
LUYWAWG\Project\handle_image.go:82.2,82.17 1 0
LUYWAWG\Project\handle_image.go:85.2,88.4 1 0
LUYWAWG\Project\handle_image.go:70.16,71.13 1 0
LUYWAWG\Project\handle_image.go:74.18,77.3 2 0
LUYWAWG\Project\handle_image.go:79.16,80.13 1 0
LUYWAWG\Project\handle_image.go:82.17,83.60 1 0
LUYWAWG\Project\handle_index.go:9.83,11.16 2 0
LUYWAWG\Project\handle_index.go:14.2,16.4 1 0
LUYWAWG\Project\handle_index.go:11.16,12.13 1 0
LUYWAWG\Project\image_store.go:18.35,22.2 1 1
LUYWAWG\Project\image_store.go:23.53,40.2 2 0
LUYWAWG\Project\image_store.go:41.60,60.2 4 0
LUYWAWG\Project\image_store.go:63.65,75.16 2 0
LUYWAWG\Project\image_store.go:78.2,79.18 2 0
LUYWAWG\Project\image_store.go:95.2,95.20 1 0
LUYWAWG\Project\image_store.go:75.16,77.3 1 0
LUYWAWG\Project\image_store.go:79.18,90.17 3 0
LUYWAWG\Project\image_store.go:93.3,93.33 1 0
LUYWAWG\Project\image_store.go:90.17,92.4 1 0
LUYWAWG\Project\image_store.go:99.83,112.16 2 0
LUYWAWG\Project\image_store.go:115.2,116.18 2 0
LUYWAWG\Project\image_store.go:132.2,132.20 1 0
LUYWAWG\Project\image_store.go:112.16,114.3 1 0
LUYWAWG\Project\image_store.go:116.18,127.17 3 0
LUYWAWG\Project\image_store.go:130.3,130.33 1 0
LUYWAWG\Project\image_store.go:127.17,129.4 1 0
LUYWAWG\Project\main.go:10.13,14.16 3 1
LUYWAWG\Project\main.go:17.2,21.16 3 1
LUYWAWG\Project\main.go:24.2,28.16 3 1
LUYWAWG\Project\main.go:31.2,34.38 2 1
LUYWAWG\Project\main.go:14.16,15.58 1 0
LUYWAWG\Project\main.go:21.16,22.61 1 0
LUYWAWG\Project\main.go:28.16,29.13 1 0
LUYWAWG\Project\main.go:37.13,79.2 21 0
LUYWAWG\Project\main.go:82.37,84.82 2 0
LUYWAWG\Project\main.go:85.2,85.15 1 0
LUYWAWG\Project\main.go:84.83,84.84 0 0
LUYWAWG\Project\session.go:20.49,33.2 5 0
LUYWAWG\Project\session.go:34.47,36.16 2 0
LUYWAWG\Project\session.go:39.2,40.16 2 0
LUYWAWG\Project\session.go:43.2,43.20 1 0
LUYWAWG\Project\session.go:46.2,46.23 1 0
LUYWAWG\Project\session.go:50.2,50.16 1 0
LUYWAWG\Project\session.go:36.16,38.3 1 0
LUYWAWG\Project\session.go:40.16,41.13 1 0
LUYWAWG\Project\session.go:43.20,45.3 1 0
LUYWAWG\Project\session.go:46.23,49.3 2 0
LUYWAWG\Project\session.go:52.40,54.2 1 0
LUYWAWG\Project\session.go:55.41,57.44 2 0
LUYWAWG\Project\session.go:60.2,61.16 2 0
LUYWAWG\Project\session.go:64.2,64.13 1 0
LUYWAWG\Project\session.go:57.44,59.3 1 0
LUYWAWG\Project\session.go:61.16,62.13 1 0
LUYWAWG\Project\session.go:68.59,70.27 1 0
LUYWAWG\Project\session.go:73.2,75.65 3 0
LUYWAWG\Project\session.go:70.27,72.3 1 0
LUYWAWG\Project\session.go:78.75,80.20 2 0
LUYWAWG\Project\session.go:83.2,83.16 1 0
LUYWAWG\Project\session.go:80.20,82.3 1 0
LUYWAWG\Project\session_store.go:17.66,23.16 3 1
LUYWAWG\Project\session_store.go:30.2,31.16 2 1
LUYWAWG\Project\session_store.go:34.2,34.19 1 1
LUYWAWG\Project\session_store.go:23.16,25.25 1 0
LUYWAWG\Project\session_store.go:28.3,28.18 1 0
LUYWAWG\Project\session_store.go:25.25,27.4 1 0
LUYWAWG\Project\session_store.go:31.16,33.3 1 0
LUYWAWG\Project\session_store.go:36.62,38.13 2 0
LUYWAWG\Project\session_store.go:41.2,41.22 1 0
LUYWAWG\Project\session_store.go:38.13,40.3 1 0
LUYWAWG\Project\session_store.go:43.61,46.16 3 0
LUYWAWG\Project\session_store.go:49.2,49.57 1 0
LUYWAWG\Project\session_store.go:46.16,48.3 1 0
LUYWAWG\Project\session_store.go:51.63,54.16 3 0
LUYWAWG\Project\session_store.go:57.2,57.57 1 0
LUYWAWG\Project\session_store.go:54.16,56.3 1 0
LUYWAWG\Project\session_store.go:60.13,62.16 2 1
LUYWAWG\Project\session_store.go:65.2,65.35 1 1
LUYWAWG\Project\session_store.go:62.16,63.60 1 0
